Flow report for lab05part1
Fri Apr 26 18:47:36 2019
Quartus Prime Version 17.0.1 Build 598 06/07/2017 SJ Lite Edition


---------------------
; Table of Contents ;
---------------------
  1. Legal Notice
  2. Flow Summary
  3. Flow Settings
  4. Flow Non-Default Global Settings
  5. Flow Elapsed Time
  6. Flow OS Summary
  7. Flow Log
  8. Flow Messages
  9. Flow Suppressed Messages



----------------
; Legal Notice ;
----------------
Copyright (C) 2017  Intel Corporation. All rights reserved.
Your use of Intel Corporation's design tools, logic functions 
and other software and tools, and its AMPP partner logic 
functions, and any output files from any of the foregoing 
(including device programming or simulation files), and any 
associated documentation or information are expressly subject 
to the terms and conditions of the Intel Program License 
Subscription Agreement, the Intel Quartus Prime License Agreement,
the Intel MegaCore Function License Agreement, or other 
applicable license agreement, including, without limitation, 
that your use is for the sole purpose of programming logic 
devices manufactured by Intel and sold by Intel or its 
authorized distributors.  Please refer to the applicable 
agreement for further details.



+----------------------------------------------------------------------------------+
; Flow Summary                                                                     ;
+------------------------------------+---------------------------------------------+
; Flow Status                        ; Successful - Fri Apr 26 18:47:36 2019       ;
; Quartus Prime Version              ; 17.0.1 Build 598 06/07/2017 SJ Lite Edition ;
; Revision Name                      ; lab05part1                                  ;
; Top-level Entity Name              ; lab5part1                                   ;
; Family                             ; Cyclone IV E                                ;
; Device                             ; EP4CE22F17C6                                ;
; Timing Models                      ; Final                                       ;
; Total logic elements               ; 8 / 22,320 ( < 1 % )                        ;
;     Total combinational functions  ; 8 / 22,320 ( < 1 % )                        ;
;     Dedicated logic registers      ; 3 / 22,320 ( < 1 % )                        ;
; Total registers                    ; 3                                           ;
; Total pins                         ; 11 / 154 ( 7 % )                            ;
; Total virtual pins                 ; 0                                           ;
; Total memory bits                  ; 0 / 608,256 ( 0 % )                         ;
; Embedded Multiplier 9-bit elements ; 0 / 132 ( 0 % )                             ;
; Total PLLs                         ; 0 / 4 ( 0 % )                               ;
+------------------------------------+---------------------------------------------+


+-----------------------------------------+
; Flow Settings                           ;
+-------------------+---------------------+
; Option            ; Setting             ;
+-------------------+---------------------+
; Start date & time ; 04/26/2019 18:47:14 ;
; Main task         ; Compilation         ;
; Revision Name     ; lab05part1          ;
+-------------------+---------------------+


+------------------------------------------------------------------------------------------------------------------------------+
; Flow Non-Default Global Settings                                                                                             ;
+--------------------------------------+----------------------------------------+---------------+-------------+----------------+
; Assignment Name                      ; Value                                  ; Default Value ; Entity Name ; Section Id     ;
+--------------------------------------+----------------------------------------+---------------+-------------+----------------+
; COMPILER_SIGNATURE_ID                ; 26830024529153.155632963403128         ; --            ; --          ; --             ;
; EDA_DESIGN_INSTANCE_NAME             ; NA                                     ; --            ; --          ; lab5part1_tb   ;
; EDA_DESIGN_INSTANCE_NAME             ; NA                                     ; --            ; --          ; lab5part2_tb   ;
; EDA_NATIVELINK_SIMULATION_TEST_BENCH ; lab5part1_tb                           ; --            ; --          ; eda_simulation ;
; EDA_OUTPUT_DATA_FORMAT               ; Verilog Hdl                            ; --            ; --          ; eda_simulation ;
; EDA_SIMULATION_TOOL                  ; ModelSim-Altera (Verilog)              ; <None>        ; --          ; --             ;
; EDA_TEST_BENCH_ENABLE_STATUS         ; TEST_BENCH_MODE                        ; --            ; --          ; eda_simulation ;
; EDA_TEST_BENCH_FILE                  ; lab5part1_tb.v                         ; --            ; --          ; lab5part1_tb   ;
; EDA_TEST_BENCH_FILE                  ; lab5part2_tb.v                         ; --            ; --          ; lab5part2_tb   ;
; EDA_TEST_BENCH_MODULE_NAME           ; lab5part1_tb                           ; --            ; --          ; lab5part1_tb   ;
; EDA_TEST_BENCH_MODULE_NAME           ; lab5part2_tb                           ; --            ; --          ; lab5part2_tb   ;
; EDA_TEST_BENCH_NAME                  ; lab5part1_tb                           ; --            ; --          ; eda_simulation ;
; EDA_TEST_BENCH_NAME                  ; lab5part2_tb                           ; --            ; --          ; eda_simulation ;
; EDA_TIME_SCALE                       ; 1 ps                                   ; --            ; --          ; eda_simulation ;
; MAX_CORE_JUNCTION_TEMP               ; 85                                     ; --            ; --          ; --             ;
; MIN_CORE_JUNCTION_TEMP               ; 0                                      ; --            ; --          ; --             ;
; NOMINAL_CORE_SUPPLY_VOLTAGE          ; 1.2V                                   ; --            ; --          ; --             ;
; PARTITION_COLOR                      ; -- (Not supported for targeted family) ; --            ; lab5part1   ; Top            ;
; PARTITION_FITTER_PRESERVATION_LEVEL  ; -- (Not supported for targeted family) ; --            ; lab5part1   ; Top            ;
; PARTITION_NETLIST_TYPE               ; -- (Not supported for targeted family) ; --            ; lab5part1   ; Top            ;
; POWER_BOARD_THERMAL_MODEL            ; None (CONSERVATIVE)                    ; --            ; --          ; --             ;
; POWER_PRESET_COOLING_SOLUTION        ; 23 MM HEAT SINK WITH 200 LFPM AIRFLOW  ; --            ; --          ; --             ;
; PROJECT_OUTPUT_DIRECTORY             ; output_files                           ; --            ; --          ; --             ;
; TOP_LEVEL_ENTITY                     ; lab5part1                              ; lab05part1    ; --          ; --             ;
+--------------------------------------+----------------------------------------+---------------+-------------+----------------+


+-------------------------------------------------------------------------------------------------------------------------------+
; Flow Elapsed Time                                                                                                             ;
+---------------------------+--------------+-------------------------+---------------------+------------------------------------+
; Module Name               ; Elapsed Time ; Average Processors Used ; Peak Virtual Memory ; Total CPU Time (on all processors) ;
+---------------------------+--------------+-------------------------+---------------------+------------------------------------+
; Analysis & Synthesis      ; 00:00:10     ; 1.0                     ; 649 MB              ; 00:00:21                           ;
; Fitter                    ; 00:00:05     ; 1.0                     ; 1406 MB             ; 00:00:06                           ;
; Assembler                 ; 00:00:01     ; 1.0                     ; 557 MB              ; 00:00:01                           ;
; TimeQuest Timing Analyzer ; 00:00:03     ; 1.0                     ; 675 MB              ; 00:00:02                           ;
; EDA Netlist Writer        ; 00:00:00     ; 1.0                     ; 523 MB              ; 00:00:01                           ;
; Total                     ; 00:00:19     ; --                      ; --                  ; 00:00:31                           ;
+---------------------------+--------------+-------------------------+---------------------+------------------------------------+


+-----------------------------------------------------------------------------------------+
; Flow OS Summary                                                                         ;
+---------------------------+------------------+------------+------------+----------------+
; Module Name               ; Machine Hostname ; OS Name    ; OS Version ; Processor type ;
+---------------------------+------------------+------------+------------+----------------+
; Analysis & Synthesis      ; OSMIUM           ; Windows 10 ; 10.0       ; x86_64         ;
; Fitter                    ; OSMIUM           ; Windows 10 ; 10.0       ; x86_64         ;
; Assembler                 ; OSMIUM           ; Windows 10 ; 10.0       ; x86_64         ;
; TimeQuest Timing Analyzer ; OSMIUM           ; Windows 10 ; 10.0       ; x86_64         ;
; EDA Netlist Writer        ; OSMIUM           ; Windows 10 ; 10.0       ; x86_64         ;
+---------------------------+------------------+------------+------------+----------------+


------------
; Flow Log ;
------------
quartus_map --read_settings_files=on --write_settings_files=off lab5 -c lab05part1
quartus_fit --read_settings_files=off --write_settings_files=off lab5 -c lab05part1
quartus_asm --read_settings_files=off --write_settings_files=off lab5 -c lab05part1
quartus_sta lab5 -c lab05part1
quartus_eda --read_settings_files=off --write_settings_files=off lab5 -c lab05part1



